# JRE version: OpenJDK Runtime Environment Temurin-21.0.7+6 (21.0.7+6) (build 21.0.7+6-LTS)
# Java VM: OpenJDK 64-Bit Server VM Temurin-21.0.7+6 (21.0.7+6-LTS, mixed mode, sharing, tiered, compressed oops, compressed class ptrs, parallel gc, windows-amd64)
GC Precious Log:
 CardTable entry size: 512
 CPUs: 12 total, 12 available
 Memory: 16159M
 Large Page Support: Disabled
 NUMA Support: Disabled
 Compressed Oops: Enabled (32-bit)
 Alignments: Space 512K, Generation 512K, Heap 2M
 Heap Min Capacity: 100M
 Heap Initial Capacity: 100M
 Heap Max Capacity: 2G
 Pre-touch: Disabled
 Parallel Workers: 10
Heap:
 PSYoungGen      total 7680K, used 5595K [0x00000000d5580000, 0x00000000d5f00000, 0x0000000100000000)
  eden space 6144K, 74% used [0x00000000d5580000,0x00000000d59f6e40,0x00000000d5b80000)
  from space 1536K, 66% used [0x00000000d5d80000,0x00000000d5e80088,0x00000000d5f00000)
  to   space 1536K, 0% used [0x00000000d5c00000,0x00000000d5c00000,0x00000000d5d80000)
 ParOldGen       total 1199616K, used 1199160K [0x0000000080000000, 0x00000000c9380000, 0x00000000d5580000)
  object space 1199616K, 99% used [0x0000000080000000,0x00000000c930e190,0x00000000c9380000)
 Metaspace       used 84154K, committed 85952K, reserved 1179648K
  class space    used 8297K, committed 9152K, reserved 1048576K
GC Heap History (20 events):
Event: 2805.033 GC heap before
{Heap before GC invocations=3232 (full 6):
 PSYoungGen      total 8192K, used 8192K [0x00000000d5580000, 0x00000000d6880000, 0x0000000100000000)
  eden space 6144K, 100% used [0x00000000d5580000,0x00000000d5b80000,0x00000000d5b80000)
  from space 2048K, 100% used [0x00000000d6080000,0x00000000d6280000,0x00000000d6280000)
  to   space 5120K, 0% used [0x00000000d5b80000,0x00000000d5b80000,0x00000000d6080000)
 ParOldGen       total 1193472K, used 1193381K [0x0000000080000000, 0x00000000c8d80000, 0x00000000d5580000)
  object space 1193472K, 99% used [0x0000000080000000,0x00000000c8d694c8,0x00000000c8d80000)
 Metaspace       used 84120K, committed 85952K, reserved 1179648K
  class space    used 8295K, committed 9152K, reserved 1048576K
}
Event: 2805.036 GC heap after
{Heap after GC invocations=3232 (full 6):
 PSYoungGen      total 6656K, used 256K [0x00000000d5580000, 0x00000000d6100000, 0x0000000100000000)
  eden space 6144K, 0% used [0x00000000d5580000,0x00000000d5580000,0x00000000d5b80000)
  from space 512K, 50% used [0x00000000d5b80000,0x00000000d5bc0000,0x00000000d5c00000)
  to   space 2048K, 0% used [0x00000000d5f00000,0x00000000d5f00000,0x00000000d6100000)
 ParOldGen       total 1195008K, used 1194829K [0x0000000080000000, 0x00000000c8f00000, 0x00000000d5580000)
  object space 1195008K, 99% used [0x0000000080000000,0x00000000c8ed34c8,0x00000000c8f00000)
 Metaspace       used 84120K, committed 85952K, reserved 1179648K
  class space    used 8295K, committed 9152K, reserved 1048576K
}
Event: 3203.043 GC heap before
{Heap before GC invocations=3233 (full 6):
 PSYoungGen      total 6656K, used 6400K [0x00000000d5580000, 0x00000000d6100000, 0x0000000100000000)
  eden space 6144K, 100% used [0x00000000d5580000,0x00000000d5b80000,0x00000000d5b80000)
  from space 512K, 50% used [0x00000000d5b80000,0x00000000d5bc0000,0x00000000d5c00000)
  to   space 2048K, 0% used [0x00000000d5f00000,0x00000000d5f00000,0x00000000d6100000)
 ParOldGen       total 1195008K, used 1194829K [0x0000000080000000, 0x00000000c8f00000, 0x00000000d5580000)
  object space 1195008K, 99% used [0x0000000080000000,0x00000000c8ed34c8,0x00000000c8f00000)
 Metaspace       used 84133K, committed 85952K, reserved 1179648K
  class space    used 8295K, committed 9152K, reserved 1048576K
}
Event: 3203.050 GC heap after
{Heap after GC invocations=3233 (full 6):
 PSYoungGen      total 7168K, used 1005K [0x00000000d5580000, 0x00000000d6000000, 0x0000000100000000)
  eden space 6144K, 0% used [0x00000000d5580000,0x00000000d5580000,0x00000000d5b80000)
  from space 1024K, 98% used [0x00000000d5f00000,0x00000000d5ffb510,0x00000000d6000000)
  to   space 1536K, 0% used [0x00000000d5d00000,0x00000000d5d00000,0x00000000d5e80000)
 ParOldGen       total 1195008K, used 1194989K [0x0000000080000000, 0x00000000c8f00000, 0x00000000d5580000)
  object space 1195008K, 99% used [0x0000000080000000,0x00000000c8efb4c8,0x00000000c8f00000)
 Metaspace       used 84133K, committed 85952K, reserved 1179648K
  class space    used 8295K, committed 9152K, reserved 1048576K
}
Event: 3658.838 GC heap before
{Heap before GC invocations=3234 (full 6):
 PSYoungGen      total 7168K, used 7149K [0x00000000d5580000, 0x00000000d6000000, 0x0000000100000000)
  eden space 6144K, 100% used [0x00000000d5580000,0x00000000d5b80000,0x00000000d5b80000)
  from space 1024K, 98% used [0x00000000d5f00000,0x00000000d5ffb510,0x00000000d6000000)
  to   space 1536K, 0% used [0x00000000d5d00000,0x00000000d5d00000,0x00000000d5e80000)
 ParOldGen       total 1195008K, used 1194989K [0x0000000080000000, 0x00000000c8f00000, 0x00000000d5580000)
  object space 1195008K, 99% used [0x0000000080000000,0x00000000c8efb4c8,0x00000000c8f00000)
 Metaspace       used 84139K, committed 85952K, reserved 1179648K
  class space    used 8297K, committed 9152K, reserved 1048576K
}
Event: 3658.842 GC heap after
{Heap after GC invocations=3234 (full 6):
 PSYoungGen      total 7680K, used 224K [0x00000000d5580000, 0x00000000d5f80000, 0x0000000100000000)
  eden space 6144K, 0% used [0x00000000d5580000,0x00000000d5580000,0x00000000d5b80000)
  from space 1536K, 14% used [0x00000000d5d00000,0x00000000d5d38000,0x00000000d5e80000)
  to   space 1024K, 0% used [0x00000000d5e80000,0x00000000d5e80000,0x00000000d5f80000)
 ParOldGen       total 1196544K, used 1195874K [0x0000000080000000, 0x00000000c9080000, 0x00000000d5580000)
  object space 1196544K, 99% used [0x0000000080000000,0x00000000c8fd89d8,0x00000000c9080000)
 Metaspace       used 84139K, committed 85952K, reserved 1179648K
  class space    used 8297K, committed 9152K, reserved 1048576K
}
Event: 5261.650 GC heap before
{Heap before GC invocations=3235 (full 6):
 PSYoungGen      total 7680K, used 6368K [0x00000000d5580000, 0x00000000d5f80000, 0x0000000100000000)
  eden space 6144K, 100% used [0x00000000d5580000,0x00000000d5b80000,0x00000000d5b80000)
  from space 1536K, 14% used [0x00000000d5d00000,0x00000000d5d38000,0x00000000d5e80000)
  to   space 1024K, 0% used [0x00000000d5e80000,0x00000000d5e80000,0x00000000d5f80000)
 ParOldGen       total 1196544K, used 1195874K [0x0000000080000000, 0x00000000c9080000, 0x00000000d5580000)
  object space 1196544K, 99% used [0x0000000080000000,0x00000000c8fd89d8,0x00000000c9080000)
 Metaspace       used 84144K, committed 85952K, reserved 1179648K
  class space    used 8297K, committed 9152K, reserved 1048576K
}
Event: 5261.694 GC heap after
{Heap after GC invocations=3235 (full 6):
 PSYoungGen      total 6656K, used 224K [0x00000000d5580000, 0x00000000d5f00000, 0x0000000100000000)
  eden space 6144K, 0% used [0x00000000d5580000,0x00000000d5580000,0x00000000d5b80000)
  from space 512K, 43% used [0x00000000d5e80000,0x00000000d5eb8000,0x00000000d5f00000)
  to   space 512K, 0% used [0x00000000d5e00000,0x00000000d5e00000,0x00000000d5e80000)
 ParOldGen       total 1196544K, used 1195898K [0x0000000080000000, 0x00000000c9080000, 0x00000000d5580000)
  object space 1196544K, 99% used [0x0000000080000000,0x00000000c8fde9d8,0x00000000c9080000)
 Metaspace       used 84144K, committed 85952K, reserved 1179648K
  class space    used 8297K, committed 9152K, reserved 1048576K
}
Event: 5913.450 GC heap before
{Heap before GC invocations=3236 (full 6):
 PSYoungGen      total 6656K, used 6346K [0x00000000d5580000, 0x00000000d5f00000, 0x0000000100000000)
  eden space 6144K, 99% used [0x00000000d5580000,0x00000000d5b7abf8,0x00000000d5b80000)
  from space 512K, 43% used [0x00000000d5e80000,0x00000000d5eb8000,0x00000000d5f00000)
  to   space 512K, 0% used [0x00000000d5e00000,0x00000000d5e00000,0x00000000d5e80000)
 ParOldGen       total 1196544K, used 1195898K [0x0000000080000000, 0x00000000c9080000, 0x00000000d5580000)
  object space 1196544K, 99% used [0x0000000080000000,0x00000000c8fde9d8,0x00000000c9080000)
 Metaspace       used 84153K, committed 85952K, reserved 1179648K
  class space    used 8297K, committed 9152K, reserved 1048576K
}
Event: 5913.460 GC heap after
{Heap after GC invocations=3236 (full 6):
 PSYoungGen      total 6656K, used 429K [0x00000000d5580000, 0x00000000d5f00000, 0x0000000100000000)
  eden space 6144K, 0% used [0x00000000d5580000,0x00000000d5580000,0x00000000d5b80000)
  from space 512K, 83% used [0x00000000d5e00000,0x00000000d5e6b450,0x00000000d5e80000)
  to   space 512K, 0% used [0x00000000d5e80000,0x00000000d5e80000,0x00000000d5f00000)
 ParOldGen       total 1196544K, used 1195922K [0x0000000080000000, 0x00000000c9080000, 0x00000000d5580000)
  object space 1196544K, 99% used [0x0000000080000000,0x00000000c8fe49d8,0x00000000c9080000)
 Metaspace       used 84153K, committed 85952K, reserved 1179648K
  class space    used 8297K, committed 9152K, reserved 1048576K
}
Event: 5936.449 GC heap before
{Heap before GC invocations=3237 (full 6):
 PSYoungGen      total 6656K, used 6573K [0x00000000d5580000, 0x00000000d5f00000, 0x0000000100000000)
  eden space 6144K, 100% used [0x00000000d5580000,0x00000000d5b80000,0x00000000d5b80000)
  from space 512K, 83% used [0x00000000d5e00000,0x00000000d5e6b450,0x00000000d5e80000)
  to   space 512K, 0% used [0x00000000d5e80000,0x00000000d5e80000,0x00000000d5f00000)
 ParOldGen       total 1196544K, used 1195922K [0x0000000080000000, 0x00000000c9080000, 0x00000000d5580000)
  object space 1196544K, 99% used [0x0000000080000000,0x00000000c8fe49d8,0x00000000c9080000)
 Metaspace       used 84153K, committed 85952K, reserved 1179648K
  class space    used 8297K, committed 9152K, reserved 1048576K
}
Event: 5936.457 GC heap after
{Heap after GC invocations=3237 (full 6):
 PSYoungGen      total 6656K, used 480K [0x00000000d5580000, 0x00000000d5f00000, 0x0000000100000000)
  eden space 6144K, 0% used [0x00000000d5580000,0x00000000d5580000,0x00000000d5b80000)
  from space 512K, 93% used [0x00000000d5e80000,0x00000000d5ef81a0,0x00000000d5f00000)
  to   space 1024K, 0% used [0x00000000d5d00000,0x00000000d5d00000,0x00000000d5e00000)
 ParOldGen       total 1196544K, used 1196002K [0x0000000080000000, 0x00000000c9080000, 0x00000000d5580000)
  object space 1196544K, 99% used [0x0000000080000000,0x00000000c8ff8a28,0x00000000c9080000)
 Metaspace       used 84153K, committed 85952K, reserved 1179648K
  class space    used 8297K, committed 9152K, reserved 1048576K
}
Event: 5966.501 GC heap before
{Heap before GC invocations=3238 (full 6):
 PSYoungGen      total 6656K, used 6624K [0x00000000d5580000, 0x00000000d5f00000, 0x0000000100000000)
  eden space 6144K, 100% used [0x00000000d5580000,0x00000000d5b80000,0x00000000d5b80000)
  from space 512K, 93% used [0x00000000d5e80000,0x00000000d5ef81a0,0x00000000d5f00000)
  to   space 1024K, 0% used [0x00000000d5d00000,0x00000000d5d00000,0x00000000d5e00000)
 ParOldGen       total 1196544K, used 1196002K [0x0000000080000000, 0x00000000c9080000, 0x00000000d5580000)
  object space 1196544K, 99% used [0x0000000080000000,0x00000000c8ff8a28,0x00000000c9080000)
 Metaspace       used 84153K, committed 85952K, reserved 1179648K
  class space    used 8297K, committed 9152K, reserved 1048576K
}
Event: 5966.508 GC heap after
{Heap after GC invocations=3238 (full 6):
 PSYoungGen      total 7168K, used 1006K [0x00000000d5580000, 0x00000000d5f00000, 0x0000000100000000)
  eden space 6144K, 0% used [0x00000000d5580000,0x00000000d5580000,0x00000000d5b80000)
  from space 1024K, 98% used [0x00000000d5d00000,0x00000000d5dfb820,0x00000000d5e00000)
  to   space 1024K, 0% used [0x00000000d5e00000,0x00000000d5e00000,0x00000000d5f00000)
 ParOldGen       total 1196544K, used 1196199K [0x0000000080000000, 0x00000000c9080000, 0x00000000d5580000)
  object space 1196544K, 99% used [0x0000000080000000,0x00000000c9029cb8,0x00000000c9080000)
 Metaspace       used 84153K, committed 85952K, reserved 1179648K
  class space    used 8297K, committed 9152K, reserved 1048576K
}
Event: 5966.571 GC heap before
{Heap before GC invocations=3239 (full 6):
 PSYoungGen      total 7168K, used 7150K [0x00000000d5580000, 0x00000000d5f00000, 0x0000000100000000)
  eden space 6144K, 100% used [0x00000000d5580000,0x00000000d5b80000,0x00000000d5b80000)
  from space 1024K, 98% used [0x00000000d5d00000,0x00000000d5dfb820,0x00000000d5e00000)
  to   space 1024K, 0% used [0x00000000d5e00000,0x00000000d5e00000,0x00000000d5f00000)
 ParOldGen       total 1196544K, used 1196199K [0x0000000080000000, 0x00000000c9080000, 0x00000000d5580000)
  object space 1196544K, 99% used [0x0000000080000000,0x00000000c9029cb8,0x00000000c9080000)
 Metaspace       used 84153K, committed 85952K, reserved 1179648K
  class space    used 8297K, committed 9152K, reserved 1048576K
}
Event: 5966.576 GC heap after
{Heap after GC invocations=3239 (full 6):
 PSYoungGen      total 7168K, used 976K [0x00000000d5580000, 0x00000000d5f00000, 0x0000000100000000)
  eden space 6144K, 0% used [0x00000000d5580000,0x00000000d5580000,0x00000000d5b80000)
  from space 1024K, 95% used [0x00000000d5e00000,0x00000000d5ef40e8,0x00000000d5f00000)
  to   space 1536K, 0% used [0x00000000d5c00000,0x00000000d5c00000,0x00000000d5d80000)
 ParOldGen       total 1197568K, used 1197161K [0x0000000080000000, 0x00000000c9180000, 0x00000000d5580000)
  object space 1197568K, 99% used [0x0000000080000000,0x00000000c911a6b8,0x00000000c9180000)
 Metaspace       used 84153K, committed 85952K, reserved 1179648K
  class space    used 8297K, committed 9152K, reserved 1048576K
}
Event: 5966.660 GC heap before
{Heap before GC invocations=3240 (full 6):
 PSYoungGen      total 7168K, used 7120K [0x00000000d5580000, 0x00000000d5f00000, 0x0000000100000000)
  eden space 6144K, 100% used [0x00000000d5580000,0x00000000d5b80000,0x00000000d5b80000)
  from space 1024K, 95% used [0x00000000d5e00000,0x00000000d5ef40e8,0x00000000d5f00000)
  to   space 1536K, 0% used [0x00000000d5c00000,0x00000000d5c00000,0x00000000d5d80000)
 ParOldGen       total 1197568K, used 1197161K [0x0000000080000000, 0x00000000c9180000, 0x00000000d5580000)
  object space 1197568K, 99% used [0x0000000080000000,0x00000000c911a6b8,0x00000000c9180000)
 Metaspace       used 84154K, committed 85952K, reserved 1179648K
  class space    used 8297K, committed 9152K, reserved 1048576K
}
Event: 5966.663 GC heap after
{Heap after GC invocations=3240 (full 6):
 PSYoungGen      total 7680K, used 1455K [0x00000000d5580000, 0x00000000d5f80000, 0x0000000100000000)
  eden space 6144K, 0% used [0x00000000d5580000,0x00000000d5580000,0x00000000d5b80000)
  from space 1536K, 94% used [0x00000000d5c00000,0x00000000d5d6bc88,0x00000000d5d80000)
  to   space 2048K, 0% used [0x00000000d5d80000,0x00000000d5d80000,0x00000000d5f80000)
 ParOldGen       total 1198080K, used 1197961K [0x0000000080000000, 0x00000000c9200000, 0x00000000d5580000)
  object space 1198080K, 99% used [0x0000000080000000,0x00000000c91e2500,0x00000000c9200000)
 Metaspace       used 84154K, committed 85952K, reserved 1179648K
  class space    used 8297K, committed 9152K, reserved 1048576K
}
Event: 5966.674 GC heap before
{Heap before GC invocations=3241 (full 6):
 PSYoungGen      total 7680K, used 7599K [0x00000000d5580000, 0x00000000d5f80000, 0x0000000100000000)
  eden space 6144K, 100% used [0x00000000d5580000,0x00000000d5b80000,0x00000000d5b80000)
  from space 1536K, 94% used [0x00000000d5c00000,0x00000000d5d6bc88,0x00000000d5d80000)
  to   space 2048K, 0% used [0x00000000d5d80000,0x00000000d5d80000,0x00000000d5f80000)
 ParOldGen       total 1198080K, used 1197961K [0x0000000080000000, 0x00000000c9200000, 0x00000000d5580000)
  object space 1198080K, 99% used [0x0000000080000000,0x00000000c91e2500,0x00000000c9200000)
 Metaspace       used 84154K, committed 85952K, reserved 1179648K
  class space    used 8297K, committed 9152K, reserved 1048576K
}
Event: 5966.677 GC heap after
{Heap after GC invocations=3241 (full 6):
 PSYoungGen      total 7680K, used 1024K [0x00000000d5580000, 0x00000000d5f00000, 0x0000000100000000)
  eden space 6144K, 0% used [0x00000000d5580000,0x00000000d5580000,0x00000000d5b80000)
  from space 1536K, 66% used [0x00000000d5d80000,0x00000000d5e80088,0x00000000d5f00000)
  to   space 1536K, 0% used [0x00000000d5c00000,0x00000000d5c00000,0x00000000d5d80000)
 ParOldGen       total 1199616K, used 1199160K [0x0000000080000000, 0x00000000c9380000, 0x00000000d5580000)
  object space 1199616K, 99% used [0x0000000080000000,0x00000000c930e190,0x00000000c9380000)
 Metaspace       used 84154K, committed 85952K, reserved 1179648K
  class space    used 8297K, committed 9152K, reserved 1048576K
}

