# JRE version: Java(TM) SE Runtime Environment (17.0.11+7) (build 17.0.11+7-LTS-207)
# Java VM: Java HotSpot(TM) 64-Bit Server VM (17.0.11+7-LTS-207, mixed mode, emulated-client, sharing, tiered, compressed oops, compressed class ptrs, g1 gc, windows-amd64)
GC Precious Log:
 CPUs: 12 total, 12 available
 Memory: 16159M
 Large Page Support: Disabled
 NUMA Support: Disabled
 Compressed Oops: Enabled (Zero based)
 Heap Region Size: 2M
 Heap Min Capacity: 8M
 Heap Initial Capacity: 254M
 Heap Max Capacity: 4040M
 Pre-touch: Disabled
 Parallel Workers: 10
 Concurrent Workers: 3
 Concurrent Refinement Workers: 10
 Periodic GC: Disabled
Heap:
 garbage-first heap   total 120832K, used 74367K [0x0000000703800000, 0x0000000800000000)
  region size 2048K, 16 young (32768K), 3 survivors (6144K)
 Metaspace       used 81929K, committed 82560K, reserved 1179648K
  class space    used 11978K, committed 12288K, reserved 1048576K
GC Heap History (20 events):
Event: 3192.329 GC heap before
{Heap before GC invocations=29 (full 2):
 garbage-first heap   total 96256K, used 71789K [0x0000000703800000, 0x0000000800000000)
  region size 2048K, 18 young (36864K), 2 survivors (4096K)
 Metaspace       used 80034K, committed 80576K, reserved 1179648K
  class space    used 11787K, committed 12032K, reserved 1048576K
}
Event: 3192.335 GC heap after
{Heap after GC invocations=30 (full 2):
 garbage-first heap   total 96256K, used 40818K [0x0000000703800000, 0x0000000800000000)
  region size 2048K, 3 young (6144K), 3 survivors (6144K)
 Metaspace       used 80034K, committed 80576K, reserved 1179648K
  class space    used 11787K, committed 12032K, reserved 1048576K
}
Event: 3193.920 GC heap before
{Heap before GC invocations=30 (full 2):
 garbage-first heap   total 96256K, used 71538K [0x0000000703800000, 0x0000000800000000)
  region size 2048K, 18 young (36864K), 3 survivors (6144K)
 Metaspace       used 80593K, committed 81216K, reserved 1179648K
  class space    used 11877K, committed 12160K, reserved 1048576K
}
Event: 3193.925 GC heap after
{Heap after GC invocations=31 (full 2):
 garbage-first heap   total 96256K, used 43067K [0x0000000703800000, 0x0000000800000000)
  region size 2048K, 3 young (6144K), 3 survivors (6144K)
 Metaspace       used 80593K, committed 81216K, reserved 1179648K
  class space    used 11877K, committed 12160K, reserved 1048576K
}
Event: 3195.383 GC heap before
{Heap before GC invocations=31 (full 2):
 garbage-first heap   total 96256K, used 71739K [0x0000000703800000, 0x0000000800000000)
  region size 2048K, 17 young (34816K), 3 survivors (6144K)
 Metaspace       used 81046K, committed 81600K, reserved 1179648K
  class space    used 11907K, committed 12160K, reserved 1048576K
}
Event: 3195.391 GC heap after
{Heap after GC invocations=32 (full 2):
 garbage-first heap   total 96256K, used 45792K [0x0000000703800000, 0x0000000800000000)
  region size 2048K, 3 young (6144K), 3 survivors (6144K)
 Metaspace       used 81046K, committed 81600K, reserved 1179648K
  class space    used 11907K, committed 12160K, reserved 1048576K
}
Event: 3196.931 GC heap before
{Heap before GC invocations=33 (full 2):
 garbage-first heap   total 96256K, used 70368K [0x0000000703800000, 0x0000000800000000)
  region size 2048K, 15 young (30720K), 3 survivors (6144K)
 Metaspace       used 81075K, committed 81664K, reserved 1179648K
  class space    used 11911K, committed 12160K, reserved 1048576K
}
Event: 3196.941 GC heap after
{Heap after GC invocations=34 (full 2):
 garbage-first heap   total 96256K, used 47316K [0x0000000703800000, 0x0000000800000000)
  region size 2048K, 1 young (2048K), 1 survivors (2048K)
 Metaspace       used 81075K, committed 81664K, reserved 1179648K
  class space    used 11911K, committed 12160K, reserved 1048576K
}
Event: 3199.287 GC heap before
{Heap before GC invocations=34 (full 2):
 garbage-first heap   total 96256K, used 47316K [0x0000000703800000, 0x0000000800000000)
  region size 2048K, 2 young (4096K), 1 survivors (2048K)
 Metaspace       used 81088K, committed 81664K, reserved 1179648K
  class space    used 11913K, committed 12160K, reserved 1048576K
}
Event: 3199.425 GC heap after
{Heap after GC invocations=35 (full 3):
 garbage-first heap   total 96256K, used 39953K [0x0000000703800000, 0x0000000800000000)
  region size 2048K, 0 young (0K), 0 survivors (0K)
 Metaspace       used 81081K, committed 81664K, reserved 1179648K
  class space    used 11912K, committed 12160K, reserved 1048576K
}
Event: 3201.919 GC heap before
{Heap before GC invocations=35 (full 3):
 garbage-first heap   total 96256K, used 72721K [0x0000000703800000, 0x0000000800000000)
  region size 2048K, 16 young (32768K), 0 survivors (0K)
 Metaspace       used 81155K, committed 81792K, reserved 1179648K
  class space    used 11919K, committed 12224K, reserved 1048576K
}
Event: 3201.925 GC heap after
{Heap after GC invocations=36 (full 3):
 garbage-first heap   total 96256K, used 43545K [0x0000000703800000, 0x0000000800000000)
  region size 2048K, 2 young (4096K), 2 survivors (4096K)
 Metaspace       used 81155K, committed 81792K, reserved 1179648K
  class space    used 11919K, committed 12224K, reserved 1048576K
}
Event: 3204.785 GC heap before
{Heap before GC invocations=37 (full 3):
 garbage-first heap   total 96256K, used 72217K [0x0000000703800000, 0x0000000800000000)
  region size 2048K, 16 young (32768K), 2 survivors (4096K)
 Metaspace       used 81323K, committed 81920K, reserved 1179648K
  class space    used 11931K, committed 12224K, reserved 1048576K
}
Event: 3204.794 GC heap after
{Heap after GC invocations=38 (full 3):
 garbage-first heap   total 96256K, used 44864K [0x0000000703800000, 0x0000000800000000)
  region size 2048K, 2 young (4096K), 2 survivors (4096K)
 Metaspace       used 81323K, committed 81920K, reserved 1179648K
  class space    used 11931K, committed 12224K, reserved 1048576K
}
Event: 3204.980 GC heap before
{Heap before GC invocations=38 (full 3):
 garbage-first heap   total 96256K, used 46912K [0x0000000703800000, 0x0000000800000000)
  region size 2048K, 3 young (6144K), 2 survivors (4096K)
 Metaspace       used 81323K, committed 81920K, reserved 1179648K
  class space    used 11931K, committed 12224K, reserved 1048576K
}
Event: 3204.983 GC heap after
{Heap after GC invocations=39 (full 3):
 garbage-first heap   total 96256K, used 45160K [0x0000000703800000, 0x0000000800000000)
  region size 2048K, 1 young (2048K), 1 survivors (2048K)
 Metaspace       used 81323K, committed 81920K, reserved 1179648K
  class space    used 11931K, committed 12224K, reserved 1048576K
}
Event: 3206.567 GC heap before
{Heap before GC invocations=39 (full 3):
 garbage-first heap   total 96256K, used 71784K [0x0000000703800000, 0x0000000800000000)
  region size 2048K, 14 young (28672K), 1 survivors (2048K)
 Metaspace       used 81417K, committed 82048K, reserved 1179648K
  class space    used 11944K, committed 12224K, reserved 1048576K
}
Event: 3206.574 GC heap after
{Heap after GC invocations=40 (full 3):
 garbage-first heap   total 120832K, used 46225K [0x0000000703800000, 0x0000000800000000)
  region size 2048K, 1 young (2048K), 1 survivors (2048K)
 Metaspace       used 81417K, committed 82048K, reserved 1179648K
  class space    used 11944K, committed 12224K, reserved 1048576K
}
Event: 3211.968 GC heap before
{Heap before GC invocations=41 (full 3):
 garbage-first heap   total 120832K, used 91281K [0x0000000703800000, 0x0000000800000000)
  region size 2048K, 23 young (47104K), 1 survivors (2048K)
 Metaspace       used 81921K, committed 82560K, reserved 1179648K
  class space    used 11976K, committed 12288K, reserved 1048576K
}
Event: 3211.976 GC heap after
{Heap after GC invocations=42 (full 3):
 garbage-first heap   total 120832K, used 49791K [0x0000000703800000, 0x0000000800000000)
  region size 2048K, 3 young (6144K), 3 survivors (6144K)
 Metaspace       used 81921K, committed 82560K, reserved 1179648K
  class space    used 11976K, committed 12288K, reserved 1048576K
}

